<?xml version="1.0" encoding="UTF-8" ?>
<testsuite tests="3" failures="1" name="bd.edu.seu.complexnumber.ComplexNumberTest" time="0.007" errors="0" skipped="0">
  <properties>
[...]
</properties>
  <testcase classname="bd.edu.seu.complexnumber.ComplexNumberTest" name="bd.edu.seu.complexnumber.ComplexNumberTest.testAdd2" time="0"/>
  <testcase classname="bd.edu.seu.complexnumber.ComplexNumberTest" name="bd.edu.seu.complexnumber.ComplexNumberTest.testSutract1" time="0.007">
    <failure message="expected: &lt;11&gt; but was: &lt;0&gt;" type="org.opentest4j.AssertionFailedError">org.opentest4j.AssertionFailedError: expected: &lt;11&gt; but was: &lt;0&gt;
	at org.junit.jupiter.api.AssertionUtils.fail(AssertionUtils.java:54)
	at org.junit.jupiter.api.AssertEquals.failNotEqual(AssertEquals.java:195)
	at org.junit.jupiter.api.AssertEquals.assertEquals(AssertEquals.java:152)
	at org.junit.jupiter.api.AssertEquals.assertEquals(AssertEquals.java:147)
	at org.junit.jupiter.api.Assertions.assertEquals(Assertions.java:327)
	at bd.edu.seu.complexnumber.ComplexNumberTest.testSutract1(ComplexNumberTest.java:45)
</failure>
  </testcase>
  <testcase classname="bd.edu.seu.complexnumber.ComplexNumberTest" name="bd.edu.seu.complexnumber.ComplexNumberTest.testAdd1" time="0"/>
</testsuite>